<?xml version="1.0" encoding="UTF-8"?>
<!-- Generated by org.testng.reporters.JUnitReportReporter -->
<testsuite hostname="DESKTOP-1TCM56D" failures="0" tests="2" name="mytest.VerifyTest" time="33.791" errors="0" timestamp="2022-01-11T20:48:59 IST" skipped="0">
  <testcase classname="mytest.VerifyTest" name="checktitle" time="7.711"/>
  <system-out/>
  <testcase classname="mytest.VerifyTest" name="login" time="26.080"/>
  <system-out/>
</testsuite> <!-- mytest.VerifyTest -->
